<?xml version="1.0" encoding="UTF-8"?>
<!-- Generated by org.testng.reporters.JUnitXMLReporter -->
<testsuite ignored="0" hostname="coms-MacBook-Air.local" failures="0" tests="1" name="Test" time="0.066" errors="0" timestamp="2025-05-29T13:24:48 IST">
  <testcase classname="testBase.BaseTest" name="@BeforeClass setup" time="-1.748505288114E9">
    <failure type="org.testng.TestNGException" message="
Parameter &amp;apos;browser&amp;apos; is required by BeforeClass on method setup but has not been marked @Optional or defined
in /Users/com/Raghav/eclipse-workspace/OpenCartAutomationV1/testng1.xml">
      <![CDATA[org.testng.TestNGException: 
Parameter 'browser' is required by BeforeClass on method setup but has not been marked @Optional or defined
in /Users/com/Raghav/eclipse-workspace/OpenCartAutomationV1/testng1.xml
at java.base/java.util.ArrayList.forEach(ArrayList.java:1596)
... Removed 22 stack frames]]>
    </failure>
  </testcase> <!-- @BeforeClass setup -->
  <testcase classname="testBase.BaseTest" name="@AfterClass tearDown" time="0.0">
    <skipped/>
  </testcase> <!-- @AfterClass tearDown -->
  <testcase classname="testCases.RegistrationTest" name="registerationTest_TC001" time="0.0">
    <skipped/>
  </testcase> <!-- registerationTest_TC001 -->
</testsuite> <!-- Test -->
